2020-06-01T09:58:23.455Z [grades-control-api] error: Error log
2020-06-01T09:58:23.460Z [grades-control-api] warn: Warn log
2020-06-01T09:58:23.461Z [grades-control-api] info: Info log
2020-06-01T09:58:23.465Z [grades-control-api] verbose: Verbose log
2020-06-01T09:58:37.786Z [grades-control-api] error: Error log
2020-06-01T09:58:37.791Z [grades-control-api] warn: Warn log
2020-06-01T09:58:37.792Z [grades-control-api] info: Info log
2020-06-01T09:58:37.793Z [grades-control-api] verbose: Verbose log
2020-06-01T09:58:57.861Z [grades-control-api] error: Error log
2020-06-01T09:58:57.869Z [grades-control-api] warn: Warn log
2020-06-01T09:58:57.881Z [grades-control-api] info: Info log
2020-06-01T09:58:57.884Z [grades-control-api] verbose: Verbose log
2020-06-01T10:06:48.389Z [grades-control-api] error: Error log
2020-06-01T10:06:48.395Z [grades-control-api] warn: Warn log
2020-06-01T10:06:48.397Z [grades-control-api] info: Info log
2020-06-01T10:06:48.417Z [grades-control-api] verbose: Verbose log
2020-06-01T10:06:48.419Z [grades-control-api] silly: Silly log
2020-06-01T10:06:48.422Z [grades-control-api] info: Hello 
2020-06-01T10:06:57.153Z [grades-control-api] error: Error log
2020-06-01T10:06:57.159Z [grades-control-api] warn: Warn log
2020-06-01T10:06:57.172Z [grades-control-api] info: Info log
2020-06-01T10:06:57.173Z [grades-control-api] verbose: Verbose log
2020-06-01T10:06:57.174Z [grades-control-api] silly: Silly log
2020-06-01T10:06:57.176Z [grades-control-api] info: Hello with parameter
2020-06-01T10:07:03.019Z [grades-control-api] error: Error log
2020-06-01T10:07:03.028Z [grades-control-api] warn: Warn log
2020-06-01T10:07:03.029Z [grades-control-api] info: Info log
2020-06-01T10:07:03.046Z [grades-control-api] verbose: Verbose log
2020-06-01T10:07:03.049Z [grades-control-api] silly: Silly log
2020-06-01T10:07:03.077Z [grades-control-api] info: Hello with parameter!
2020-06-01T10:07:53.881Z [grades-control-api] error: Error log
2020-06-01T10:07:53.890Z [grades-control-api] warn: Warn log
2020-06-01T10:07:53.891Z [grades-control-api] info: Info log
2020-06-01T10:07:53.914Z [grades-control-api] verbose: Verbose log
2020-06-01T10:07:53.917Z [grades-control-api] silly: Silly log
2020-06-01T10:07:53.919Z [grades-control-api] info: Hello with parameter!
2020-06-01T10:10:59.776Z [grades-control-api] error: Error log
2020-06-01T10:10:59.783Z [grades-control-api] warn: Warn log
2020-06-01T10:10:59.795Z [grades-control-api] info: Info log
2020-06-01T10:10:59.797Z [grades-control-api] verbose: Verbose log
2020-06-01T10:10:59.799Z [grades-control-api] silly: Silly log
2020-06-01T10:10:59.800Z [grades-control-api] info: Hello with parameter!
2020-06-01T10:14:13.290Z [grades-control-api] error: Error log
2020-06-01T10:14:13.296Z [grades-control-api] warn: Warn log
2020-06-01T10:14:13.306Z [grades-control-api] info: Info log
2020-06-01T10:14:13.308Z [grades-control-api] verbose: Verbose log
2020-06-01T10:14:13.309Z [grades-control-api] silly: Silly log
2020-06-01T10:14:13.310Z [grades-control-api] info: Hello with parameter!
2020-06-01T10:16:53.468Z [grades-control-api] error: Error log
2020-06-01T10:16:53.478Z [grades-control-api] warn: Warn log
2020-06-01T10:16:53.480Z [grades-control-api] info: Info log
2020-06-01T10:16:53.481Z [grades-control-api] verbose: Verbose log
2020-06-01T10:16:53.483Z [grades-control-api] silly: Silly log
2020-06-01T10:16:53.485Z [grades-control-api] info: Hello with parameter!
2020-06-01T10:17:40.199Z [grades-control-api] error: Error log
2020-06-01T10:17:40.206Z [grades-control-api] warn: Warn log
2020-06-01T10:17:40.208Z [grades-control-api] info: Info log
2020-06-01T10:17:40.209Z [grades-control-api] verbose: Verbose log
2020-06-01T10:17:40.210Z [grades-control-api] silly: Silly log
2020-06-01T10:17:40.212Z [grades-control-api] info: Hello with parameter!
